# JRE version: OpenJDK Runtime Environment Microsoft-8035246 (17.0.8+7) (build 17.0.8+7-LTS)
# Java VM: OpenJDK 64-Bit Server VM Microsoft-8035246 (17.0.8+7-LTS, mixed mode, sharing, tiered, compressed oops, compressed class ptrs, g1 gc, windows-amd64)
GC Precious Log:
 CPUs: 8 total, 8 available
 Memory: 16262M
 Large Page Support: Disabled
 NUMA Support: Disabled
 Compressed Oops: Enabled (32-bit)
 Heap Region Size: 1M
 Heap Min Capacity: 8M
 Heap Initial Capacity: 256M
 Heap Max Capacity: 2G
 Pre-touch: Disabled
 Parallel Workers: 8
 Concurrent Workers: 2
 Concurrent Refinement Workers: 8
 Periodic GC: Disabled
Heap:
 garbage-first heap   total 360448K, used 209617K [0x0000000080000000, 0x0000000100000000)
  region size 1024K, 34 young (34816K), 8 survivors (8192K)
 Metaspace       used 108238K, committed 109376K, reserved 557056K
  class space    used 15124K, committed 15680K, reserved 425984K
GC Heap History (20 events):
Event: 83.508 GC heap before
{Heap before GC invocations=51 (full 0):
 garbage-first heap   total 178176K, used 149405K [0x0000000080000000, 0x0000000100000000)
  region size 1024K, 33 young (33792K), 1 survivors (1024K)
 Metaspace       used 95138K, committed 96000K, reserved 557056K
  class space    used 13387K, committed 13760K, reserved 425984K
}
Event: 83.512 GC heap after
{Heap after GC invocations=52 (full 0):
 garbage-first heap   total 178176K, used 118449K [0x0000000080000000, 0x0000000100000000)
  region size 1024K, 3 young (3072K), 3 survivors (3072K)
 Metaspace       used 95138K, committed 96000K, reserved 557056K
  class space    used 13387K, committed 13760K, reserved 425984K
}
Event: 84.146 GC heap before
{Heap before GC invocations=53 (full 0):
 garbage-first heap   total 209920K, used 147121K [0x0000000080000000, 0x0000000100000000)
  region size 1024K, 31 young (31744K), 3 survivors (3072K)
 Metaspace       used 96582K, committed 97472K, reserved 557056K
  class space    used 13610K, committed 14016K, reserved 425984K
}
Event: 84.156 GC heap after
{Heap after GC invocations=54 (full 0):
 garbage-first heap   total 209920K, used 119898K [0x0000000080000000, 0x0000000100000000)
  region size 1024K, 4 young (4096K), 4 survivors (4096K)
 Metaspace       used 96582K, committed 97472K, reserved 557056K
  class space    used 13610K, committed 14016K, reserved 425984K
}
Event: 84.295 GC heap before
{Heap before GC invocations=54 (full 0):
 garbage-first heap   total 209920K, used 126042K [0x0000000080000000, 0x0000000100000000)
  region size 1024K, 10 young (10240K), 4 survivors (4096K)
 Metaspace       used 96868K, committed 97792K, reserved 557056K
  class space    used 13652K, committed 14080K, reserved 425984K
}
Event: 84.302 GC heap after
{Heap after GC invocations=55 (full 0):
 garbage-first heap   total 209920K, used 119808K [0x0000000080000000, 0x0000000100000000)
  region size 1024K, 1 young (1024K), 1 survivors (1024K)
 Metaspace       used 96868K, committed 97792K, reserved 557056K
  class space    used 13652K, committed 14080K, reserved 425984K
}
Event: 85.143 GC heap before
{Heap before GC invocations=55 (full 0):
 garbage-first heap   total 209920K, used 169984K [0x0000000080000000, 0x0000000100000000)
  region size 1024K, 50 young (51200K), 1 survivors (1024K)
 Metaspace       used 99116K, committed 100032K, reserved 557056K
  class space    used 13968K, committed 14400K, reserved 425984K
}
Event: 85.149 GC heap after
{Heap after GC invocations=56 (full 0):
 garbage-first heap   total 209920K, used 123568K [0x0000000080000000, 0x0000000100000000)
  region size 1024K, 5 young (5120K), 5 survivors (5120K)
 Metaspace       used 99116K, committed 100032K, reserved 557056K
  class space    used 13968K, committed 14400K, reserved 425984K
}
Event: 85.585 GC heap before
{Heap before GC invocations=56 (full 0):
 garbage-first heap   total 209920K, used 171696K [0x0000000080000000, 0x0000000100000000)
  region size 1024K, 52 young (53248K), 5 survivors (5120K)
 Metaspace       used 99351K, committed 100288K, reserved 557056K
  class space    used 13990K, committed 14400K, reserved 425984K
}
Event: 85.609 GC heap after
{Heap after GC invocations=57 (full 0):
 garbage-first heap   total 209920K, used 131507K [0x0000000080000000, 0x0000000100000000)
  region size 1024K, 7 young (7168K), 7 survivors (7168K)
 Metaspace       used 99351K, committed 100288K, reserved 557056K
  class space    used 13990K, committed 14400K, reserved 425984K
}
Event: 86.156 GC heap before
{Heap before GC invocations=57 (full 0):
 garbage-first heap   total 209920K, used 172467K [0x0000000080000000, 0x0000000100000000)
  region size 1024K, 48 young (49152K), 7 survivors (7168K)
 Metaspace       used 99599K, committed 100480K, reserved 557056K
  class space    used 14001K, committed 14400K, reserved 425984K
}
Event: 86.188 GC heap after
{Heap after GC invocations=58 (full 0):
 garbage-first heap   total 360448K, used 138919K [0x0000000080000000, 0x0000000100000000)
  region size 1024K, 6 young (6144K), 6 survivors (6144K)
 Metaspace       used 99599K, committed 100480K, reserved 557056K
  class space    used 14001K, committed 14400K, reserved 425984K
}
Event: 90.527 GC heap before
{Heap before GC invocations=59 (full 0):
 garbage-first heap   total 360448K, used 269991K [0x0000000080000000, 0x0000000100000000)
  region size 1024K, 131 young (134144K), 6 survivors (6144K)
 Metaspace       used 105008K, committed 106112K, reserved 557056K
  class space    used 14713K, committed 15232K, reserved 425984K
}
Event: 90.574 GC heap after
{Heap after GC invocations=60 (full 0):
 garbage-first heap   total 360448K, used 164015K [0x0000000080000000, 0x0000000100000000)
  region size 1024K, 17 young (17408K), 17 survivors (17408K)
 Metaspace       used 105008K, committed 106112K, reserved 557056K
  class space    used 14713K, committed 15232K, reserved 425984K
}
Event: 90.614 GC heap before
{Heap before GC invocations=60 (full 0):
 garbage-first heap   total 360448K, used 165039K [0x0000000080000000, 0x0000000100000000)
  region size 1024K, 18 young (18432K), 17 survivors (17408K)
 Metaspace       used 105068K, committed 106176K, reserved 557056K
  class space    used 14719K, committed 15232K, reserved 425984K
}
Event: 90.644 GC heap after
{Heap after GC invocations=61 (full 0):
 garbage-first heap   total 360448K, used 166601K [0x0000000080000000, 0x0000000100000000)
  region size 1024K, 2 young (2048K), 2 survivors (2048K)
 Metaspace       used 105068K, committed 106176K, reserved 557056K
  class space    used 14719K, committed 15232K, reserved 425984K
}
Event: 92.782 GC heap before
{Heap before GC invocations=61 (full 0):
 garbage-first heap   total 360448K, used 274121K [0x0000000080000000, 0x0000000100000000)
  region size 1024K, 107 young (109568K), 2 survivors (2048K)
 Metaspace       used 107504K, committed 108608K, reserved 557056K
  class space    used 15064K, committed 15552K, reserved 425984K
}
Event: 92.797 GC heap after
{Heap after GC invocations=62 (full 0):
 garbage-first heap   total 360448K, used 177263K [0x0000000080000000, 0x0000000100000000)
  region size 1024K, 13 young (13312K), 13 survivors (13312K)
 Metaspace       used 107504K, committed 108608K, reserved 557056K
  class space    used 15064K, committed 15552K, reserved 425984K
}
Event: 94.130 GC heap before
{Heap before GC invocations=62 (full 0):
 garbage-first heap   total 360448K, used 277615K [0x0000000080000000, 0x0000000100000000)
  region size 1024K, 112 young (114688K), 13 survivors (13312K)
 Metaspace       used 108212K, committed 109376K, reserved 557056K
  class space    used 15123K, committed 15680K, reserved 425984K
}
Event: 94.161 GC heap after
{Heap after GC invocations=63 (full 0):
 garbage-first heap   total 360448K, used 185041K [0x0000000080000000, 0x0000000100000000)
  region size 1024K, 8 young (8192K), 8 survivors (8192K)
 Metaspace       used 108212K, committed 109376K, reserved 557056K
  class space    used 15123K, committed 15680K, reserved 425984K
}

